\BOOKMARK [1][-]{section.1}{State\040of\040the\040art\040and\040objectives}{}% 1
\BOOKMARK [2][-]{subsection.1.1}{The\040state\040of\040the\040art\040in\040theoretical\040frameworks\040for\040dark\040matter}{section.1}% 2
\BOOKMARK [2][-]{subsection.1.2}{The\040state\040of\040the\040art\040in\040experimental\040tools\040for\040discovering\040dark\040matter\040and\040new\040phenomena}{section.1}% 3
\BOOKMARK [3][-]{subsubsection.1.2.1}{LHC\040and\040ATLAS:\040overview\040and\040schedule}{subsection.1.2}% 4
\BOOKMARK [3][-]{subsubsection.1.2.2}{The\040ATLAS\040trigger\040and\040its\040upgrades}{subsection.1.2}% 5
\BOOKMARK [3][-]{subsubsection.1.2.3}{Review\040of\040analysis\040strategies\040for\040DM\040and\040related\040particles\040at\040the\040LHC}{subsection.1.2}% 6
\BOOKMARK [2][-]{subsection.1.3}{Objectives}{section.1}% 7
\BOOKMARK [3][-]{subsubsection.1.3.1}{Objectives\040of\040WP1:\040advancing\040real-time\040analysis\040in\040ATLAS}{subsection.1.3}% 8
\BOOKMARK [3][-]{subsubsection.1.3.2}{Objectives\040of\040WP2:\040commissioning\040the\040Run-3\040trigger\040system\040with\040physics}{subsection.1.3}% 9
\BOOKMARK [3][-]{subsubsection.1.3.3}{Objectives\040of\040WP3:\040Dark\040matter\040mediator\040searches}{subsection.1.3}% 10
\BOOKMARK [3][-]{subsubsection.1.3.4}{Objectives\040of\040WP4:\040Dark\040QCD\040searches}{subsection.1.3}% 11
\BOOKMARK [3][-]{subsubsection.1.3.5}{Objectives\040of\040WP5:\040Dissemination,\040communication,\040synergies}{subsection.1.3}% 12
\BOOKMARK [1][-]{section.2}{Methodology}{}% 13
\BOOKMARK [2][-]{subsection.2.1}{Methodologies:\040From\040LHC\040collisions\040to\040physics\040objects\040for\040analysis}{section.2}% 14
\BOOKMARK [3][-]{subsubsection.2.1.1}{Specific\040methodologies\040for\040WP1:\040data\040compression}{subsection.2.1}% 15
\BOOKMARK [2][-]{subsection.2.2}{Common\040methodologies:\040analysis\040and\040interpretation\040tools}{section.2}% 16
\BOOKMARK [3][-]{subsubsection.2.2.1}{Statistical\040analysis}{subsection.2.2}% 17
\BOOKMARK [3][-]{subsubsection.2.2.2}{Interpretation\040and\040dissemination\040of\040results}{subsection.2.2}% 18
\BOOKMARK [2][-]{subsection.2.3}{Project\040planning}{section.2}% 19
\BOOKMARK [2][-]{subsection.2.4}{WP1:\040Real-time\040analysis\040and\040data\040compression\040in\040ATLAS}{section.2}% 20
\BOOKMARK [2][-]{subsection.2.5}{WP2:\040Commissioning\040the\040upgraded\040ATLAS\040trigger\040with\040physics}{section.2}% 21
\BOOKMARK [2][-]{subsection.2.6}{WP3:\040Dark\040matter\040mediator\040searches}{section.2}% 22
\BOOKMARK [2][-]{subsection.2.7}{WP4:\040Dark\040QCD\040searches}{section.2}% 23
\BOOKMARK [2][-]{subsection.2.8}{WP5:\040Interpretation,\040dissemination\040and\040synergies}{section.2}% 24
\BOOKMARK [2][-]{subsection.2.9}{Impact\040and\040risk\040management}{section.2}% 25
